<?xml version="1.0" encoding="UTF-8" standalone="no"?>
<testsuite failures="3" name="cucumber.runtime.formatter.JUnitFormatter" skipped="0" tests="3" time="20.74288">
<testcase classname="search and place order for vegtables" name="Search for items and validate results" time="17.439702">
<failure message="org.openqa.selenium.SessionNotCreatedException: session not created: This version of ChromeDriver only supports Chrome version 81&#10;Build info: version: '3.141.59', revision: 'e82be7d358', time: '2018-11-14T08:17:03'&#10;System info: host: 'RAMOJI-LAP', ip: '192.168.0.103', os.name: 'Windows 7', os.arch: 'amd64', os.version: '6.1', java.version: '1.8.0_101'&#10;Driver info: driver.version: ChromeDriver&#10;remote stacktrace: Backtrace:&#10;&#9;Ordinal0 [0x012D5E93+2449043]&#10;&#9;Ordinal0 [0x01208281+1606273]&#10;&#9;Ordinal0 [0x010FF889+522377]&#10;&#9;Ordinal0 [0x010905F3+67059]&#10;&#9;Ordinal0 [0x0108CD92+52626]&#10;&#9;Ordinal0 [0x010AC127+180519]&#10;&#9;Ordinal0 [0x010ABF2D+180013]&#10;&#9;Ordinal0 [0x010A9E5B+171611]&#10;&#9;Ordinal0 [0x01091DD8+73176]&#10;&#9;Ordinal0 [0x01092E50+77392]&#10;&#9;Ordinal0 [0x01092DE9+77289]&#10;&#9;Ordinal0 [0x0121D7F7+1693687]&#10;&#9;GetHandleVerifier [0x01374576+522742]&#10;&#9;GetHandleVerifier [0x013742B4+522036]&#10;&#9;GetHandleVerifier [0x01389587+608775]&#10;&#9;GetHandleVerifier [0x01374DE6+524902]&#10;&#9;Ordinal0 [0x01215BDC+1661916]&#10;&#9;Ordinal0 [0x0121F15B+1700187]&#10;&#9;Ordinal0 [0x0121F2C3+1700547]&#10;&#9;Ordinal0 [0x01235135+1790261]&#10;&#9;BaseThreadInitThunk [0x776C33CA+18]&#10;&#9;RtlInitializeExceptionChain [0x77CE9ED2+99]&#10;&#9;RtlInitializeExceptionChain [0x77CE9EA5+54]&#10;&#13;&#10;&#9;at sun.reflect.NativeConstructorAccessorImpl.newInstance0(Native Method)&#13;&#10;&#9;at sun.reflect.NativeConstructorAccessorImpl.newInstance(Unknown Source)&#13;&#10;&#9;at sun.reflect.DelegatingConstructorAccessorImpl.newInstance(Unknown Source)&#13;&#10;&#9;at java.lang.reflect.Constructor.newInstance(Unknown Source)&#13;&#10;&#9;at org.openqa.selenium.remote.W3CHandshakeResponse.lambda$errorHandler$0(W3CHandshakeResponse.java:62)&#13;&#10;&#9;at org.openqa.selenium.remote.HandshakeResponse.lambda$getResponseFunction$0(HandshakeResponse.java:30)&#13;&#10;&#9;at org.openqa.selenium.remote.ProtocolHandshake.lambda$createSession$0(ProtocolHandshake.java:126)&#13;&#10;&#9;at java.util.stream.ReferencePipeline$3$1.accept(Unknown Source)&#13;&#10;&#9;at java.util.Spliterators$ArraySpliterator.tryAdvance(Unknown Source)&#13;&#10;&#9;at java.util.stream.ReferencePipeline.forEachWithCancel(Unknown Source)&#13;&#10;&#9;at java.util.stream.AbstractPipeline.copyIntoWithCancel(Unknown Source)&#13;&#10;&#9;at java.util.stream.AbstractPipeline.copyInto(Unknown Source)&#13;&#10;&#9;at java.util.stream.AbstractPipeline.wrapAndCopyInto(Unknown Source)&#13;&#10;&#9;at java.util.stream.FindOps$FindOp.evaluateSequential(Unknown Source)&#13;&#10;&#9;at java.util.stream.AbstractPipeline.evaluate(Unknown Source)&#13;&#10;&#9;at java.util.stream.ReferencePipeline.findFirst(Unknown Source)&#13;&#10;&#9;at org.openqa.selenium.remote.ProtocolHandshake.createSession(ProtocolHandshake.java:128)&#13;&#10;&#9;at org.openqa.selenium.remote.ProtocolHandshake.createSession(ProtocolHandshake.java:74)&#13;&#10;&#9;at org.openqa.selenium.remote.HttpCommandExecutor.execute(HttpCommandExecutor.java:136)&#13;&#10;&#9;at org.openqa.selenium.remote.service.DriverCommandExecutor.execute(DriverCommandExecutor.java:83)&#13;&#10;&#9;at org.openqa.selenium.remote.RemoteWebDriver.execute(RemoteWebDriver.java:552)&#13;&#10;&#9;at org.openqa.selenium.remote.RemoteWebDriver.startSession(RemoteWebDriver.java:213)&#13;&#10;&#9;at org.openqa.selenium.remote.RemoteWebDriver.&lt;init&gt;(RemoteWebDriver.java:131)&#13;&#10;&#9;at org.openqa.selenium.chrome.ChromeDriver.&lt;init&gt;(ChromeDriver.java:181)&#13;&#10;&#9;at org.openqa.selenium.chrome.ChromeDriver.&lt;init&gt;(ChromeDriver.java:168)&#13;&#10;&#9;at org.openqa.selenium.chrome.ChromeDriver.&lt;init&gt;(ChromeDriver.java:123)&#13;&#10;&#9;at Cucumber.Automation.Base.getdriver(Base.java:22)&#13;&#10;&#9;at stepDefinitions.MyStepDefinitions.user_is_on_greencart_landing_page(MyStepDefinitions.java:26)&#13;&#10;&#9;at ✽.Given User is on Greencart Landing page(search.feature:5)&#13;&#10;"><![CDATA[Given User is on Greencart Landing page.....................................failed
When User searched for Cucumber vegtable....................................undefined
Then "Cucumber" result are displayed........................................skipped

StackTrace:
org.openqa.selenium.SessionNotCreatedException: session not created: This version of ChromeDriver only supports Chrome version 81
Build info: version: '3.141.59', revision: 'e82be7d358', time: '2018-11-14T08:17:03'
System info: host: 'RAMOJI-LAP', ip: '192.168.0.103', os.name: 'Windows 7', os.arch: 'amd64', os.version: '6.1', java.version: '1.8.0_101'
Driver info: driver.version: ChromeDriver
remote stacktrace: Backtrace:
	Ordinal0 [0x012D5E93+2449043]
	Ordinal0 [0x01208281+1606273]
	Ordinal0 [0x010FF889+522377]
	Ordinal0 [0x010905F3+67059]
	Ordinal0 [0x0108CD92+52626]
	Ordinal0 [0x010AC127+180519]
	Ordinal0 [0x010ABF2D+180013]
	Ordinal0 [0x010A9E5B+171611]
	Ordinal0 [0x01091DD8+73176]
	Ordinal0 [0x01092E50+77392]
	Ordinal0 [0x01092DE9+77289]
	Ordinal0 [0x0121D7F7+1693687]
	GetHandleVerifier [0x01374576+522742]
	GetHandleVerifier [0x013742B4+522036]
	GetHandleVerifier [0x01389587+608775]
	GetHandleVerifier [0x01374DE6+524902]
	Ordinal0 [0x01215BDC+1661916]
	Ordinal0 [0x0121F15B+1700187]
	Ordinal0 [0x0121F2C3+1700547]
	Ordinal0 [0x01235135+1790261]
	BaseThreadInitThunk [0x776C33CA+18]
	RtlInitializeExceptionChain [0x77CE9ED2+99]
	RtlInitializeExceptionChain [0x77CE9EA5+54]

	at sun.reflect.NativeConstructorAccessorImpl.newInstance0(Native Method)
	at sun.reflect.NativeConstructorAccessorImpl.newInstance(Unknown Source)
	at sun.reflect.DelegatingConstructorAccessorImpl.newInstance(Unknown Source)
	at java.lang.reflect.Constructor.newInstance(Unknown Source)
	at org.openqa.selenium.remote.W3CHandshakeResponse.lambda$errorHandler$0(W3CHandshakeResponse.java:62)
	at org.openqa.selenium.remote.HandshakeResponse.lambda$getResponseFunction$0(HandshakeResponse.java:30)
	at org.openqa.selenium.remote.ProtocolHandshake.lambda$createSession$0(ProtocolHandshake.java:126)
	at java.util.stream.ReferencePipeline$3$1.accept(Unknown Source)
	at java.util.Spliterators$ArraySpliterator.tryAdvance(Unknown Source)
	at java.util.stream.ReferencePipeline.forEachWithCancel(Unknown Source)
	at java.util.stream.AbstractPipeline.copyIntoWithCancel(Unknown Source)
	at java.util.stream.AbstractPipeline.copyInto(Unknown Source)
	at java.util.stream.AbstractPipeline.wrapAndCopyInto(Unknown Source)
	at java.util.stream.FindOps$FindOp.evaluateSequential(Unknown Source)
	at java.util.stream.AbstractPipeline.evaluate(Unknown Source)
	at java.util.stream.ReferencePipeline.findFirst(Unknown Source)
	at org.openqa.selenium.remote.ProtocolHandshake.createSession(ProtocolHandshake.java:128)
	at org.openqa.selenium.remote.ProtocolHandshake.createSession(ProtocolHandshake.java:74)
	at org.openqa.selenium.remote.HttpCommandExecutor.execute(HttpCommandExecutor.java:136)
	at org.openqa.selenium.remote.service.DriverCommandExecutor.execute(DriverCommandExecutor.java:83)
	at org.openqa.selenium.remote.RemoteWebDriver.execute(RemoteWebDriver.java:552)
	at org.openqa.selenium.remote.RemoteWebDriver.startSession(RemoteWebDriver.java:213)
	at org.openqa.selenium.remote.RemoteWebDriver.<init>(RemoteWebDriver.java:131)
	at org.openqa.selenium.chrome.ChromeDriver.<init>(ChromeDriver.java:181)
	at org.openqa.selenium.chrome.ChromeDriver.<init>(ChromeDriver.java:168)
	at org.openqa.selenium.chrome.ChromeDriver.<init>(ChromeDriver.java:123)
	at Cucumber.Automation.Base.getdriver(Base.java:22)
	at stepDefinitions.MyStepDefinitions.user_is_on_greencart_landing_page(MyStepDefinitions.java:26)
	at ✽.Given User is on Greencart Landing page(search.feature:5)
]]></failure>
</testcase>
<testcase classname="search and place order for vegtables" name="Search for items and then move to checkout page" time="1.547794">
<failure message="org.openqa.selenium.SessionNotCreatedException: session not created: This version of ChromeDriver only supports Chrome version 81&#10;Build info: version: '3.141.59', revision: 'e82be7d358', time: '2018-11-14T08:17:03'&#10;System info: host: 'RAMOJI-LAP', ip: '192.168.0.103', os.name: 'Windows 7', os.arch: 'amd64', os.version: '6.1', java.version: '1.8.0_101'&#10;Driver info: driver.version: ChromeDriver&#10;remote stacktrace: Backtrace:&#10;&#9;Ordinal0 [0x012D5E93+2449043]&#10;&#9;Ordinal0 [0x01208281+1606273]&#10;&#9;Ordinal0 [0x010FF889+522377]&#10;&#9;Ordinal0 [0x010905F3+67059]&#10;&#9;Ordinal0 [0x0108CD92+52626]&#10;&#9;Ordinal0 [0x010AC127+180519]&#10;&#9;Ordinal0 [0x010ABF2D+180013]&#10;&#9;Ordinal0 [0x010A9E5B+171611]&#10;&#9;Ordinal0 [0x01091DD8+73176]&#10;&#9;Ordinal0 [0x01092E50+77392]&#10;&#9;Ordinal0 [0x01092DE9+77289]&#10;&#9;Ordinal0 [0x0121D7F7+1693687]&#10;&#9;GetHandleVerifier [0x01374576+522742]&#10;&#9;GetHandleVerifier [0x013742B4+522036]&#10;&#9;GetHandleVerifier [0x01389587+608775]&#10;&#9;GetHandleVerifier [0x01374DE6+524902]&#10;&#9;Ordinal0 [0x01215BDC+1661916]&#10;&#9;Ordinal0 [0x0121F15B+1700187]&#10;&#9;Ordinal0 [0x0121F2C3+1700547]&#10;&#9;Ordinal0 [0x01235135+1790261]&#10;&#9;BaseThreadInitThunk [0x776C33CA+18]&#10;&#9;RtlInitializeExceptionChain [0x77CE9ED2+99]&#10;&#9;RtlInitializeExceptionChain [0x77CE9EA5+54]&#10;&#13;&#10;&#9;at sun.reflect.NativeConstructorAccessorImpl.newInstance0(Native Method)&#13;&#10;&#9;at sun.reflect.NativeConstructorAccessorImpl.newInstance(Unknown Source)&#13;&#10;&#9;at sun.reflect.DelegatingConstructorAccessorImpl.newInstance(Unknown Source)&#13;&#10;&#9;at java.lang.reflect.Constructor.newInstance(Unknown Source)&#13;&#10;&#9;at org.openqa.selenium.remote.W3CHandshakeResponse.lambda$errorHandler$0(W3CHandshakeResponse.java:62)&#13;&#10;&#9;at org.openqa.selenium.remote.HandshakeResponse.lambda$getResponseFunction$0(HandshakeResponse.java:30)&#13;&#10;&#9;at org.openqa.selenium.remote.ProtocolHandshake.lambda$createSession$0(ProtocolHandshake.java:126)&#13;&#10;&#9;at java.util.stream.ReferencePipeline$3$1.accept(Unknown Source)&#13;&#10;&#9;at java.util.Spliterators$ArraySpliterator.tryAdvance(Unknown Source)&#13;&#10;&#9;at java.util.stream.ReferencePipeline.forEachWithCancel(Unknown Source)&#13;&#10;&#9;at java.util.stream.AbstractPipeline.copyIntoWithCancel(Unknown Source)&#13;&#10;&#9;at java.util.stream.AbstractPipeline.copyInto(Unknown Source)&#13;&#10;&#9;at java.util.stream.AbstractPipeline.wrapAndCopyInto(Unknown Source)&#13;&#10;&#9;at java.util.stream.FindOps$FindOp.evaluateSequential(Unknown Source)&#13;&#10;&#9;at java.util.stream.AbstractPipeline.evaluate(Unknown Source)&#13;&#10;&#9;at java.util.stream.ReferencePipeline.findFirst(Unknown Source)&#13;&#10;&#9;at org.openqa.selenium.remote.ProtocolHandshake.createSession(ProtocolHandshake.java:128)&#13;&#10;&#9;at org.openqa.selenium.remote.ProtocolHandshake.createSession(ProtocolHandshake.java:74)&#13;&#10;&#9;at org.openqa.selenium.remote.HttpCommandExecutor.execute(HttpCommandExecutor.java:136)&#13;&#10;&#9;at org.openqa.selenium.remote.service.DriverCommandExecutor.execute(DriverCommandExecutor.java:83)&#13;&#10;&#9;at org.openqa.selenium.remote.RemoteWebDriver.execute(RemoteWebDriver.java:552)&#13;&#10;&#9;at org.openqa.selenium.remote.RemoteWebDriver.startSession(RemoteWebDriver.java:213)&#13;&#10;&#9;at org.openqa.selenium.remote.RemoteWebDriver.&lt;init&gt;(RemoteWebDriver.java:131)&#13;&#10;&#9;at org.openqa.selenium.chrome.ChromeDriver.&lt;init&gt;(ChromeDriver.java:181)&#13;&#10;&#9;at org.openqa.selenium.chrome.ChromeDriver.&lt;init&gt;(ChromeDriver.java:168)&#13;&#10;&#9;at org.openqa.selenium.chrome.ChromeDriver.&lt;init&gt;(ChromeDriver.java:123)&#13;&#10;&#9;at Cucumber.Automation.Base.getdriver(Base.java:22)&#13;&#10;&#9;at stepDefinitions.MyStepDefinitions.user_is_on_greencart_landing_page(MyStepDefinitions.java:26)&#13;&#10;&#9;at ✽.Given User is on Greencart Landing page(search.feature:11)&#13;&#10;"><![CDATA[Given User is on Greencart Landing page.....................................failed
When User searched for Brinjal vegtable.....................................undefined
And Added items to cart.....................................................skipped
And User proceeded to Checkout page for purchase............................skipped
Then verify selected Brinjal items are displayed in check out page..........undefined

StackTrace:
org.openqa.selenium.SessionNotCreatedException: session not created: This version of ChromeDriver only supports Chrome version 81
Build info: version: '3.141.59', revision: 'e82be7d358', time: '2018-11-14T08:17:03'
System info: host: 'RAMOJI-LAP', ip: '192.168.0.103', os.name: 'Windows 7', os.arch: 'amd64', os.version: '6.1', java.version: '1.8.0_101'
Driver info: driver.version: ChromeDriver
remote stacktrace: Backtrace:
	Ordinal0 [0x012D5E93+2449043]
	Ordinal0 [0x01208281+1606273]
	Ordinal0 [0x010FF889+522377]
	Ordinal0 [0x010905F3+67059]
	Ordinal0 [0x0108CD92+52626]
	Ordinal0 [0x010AC127+180519]
	Ordinal0 [0x010ABF2D+180013]
	Ordinal0 [0x010A9E5B+171611]
	Ordinal0 [0x01091DD8+73176]
	Ordinal0 [0x01092E50+77392]
	Ordinal0 [0x01092DE9+77289]
	Ordinal0 [0x0121D7F7+1693687]
	GetHandleVerifier [0x01374576+522742]
	GetHandleVerifier [0x013742B4+522036]
	GetHandleVerifier [0x01389587+608775]
	GetHandleVerifier [0x01374DE6+524902]
	Ordinal0 [0x01215BDC+1661916]
	Ordinal0 [0x0121F15B+1700187]
	Ordinal0 [0x0121F2C3+1700547]
	Ordinal0 [0x01235135+1790261]
	BaseThreadInitThunk [0x776C33CA+18]
	RtlInitializeExceptionChain [0x77CE9ED2+99]
	RtlInitializeExceptionChain [0x77CE9EA5+54]

	at sun.reflect.NativeConstructorAccessorImpl.newInstance0(Native Method)
	at sun.reflect.NativeConstructorAccessorImpl.newInstance(Unknown Source)
	at sun.reflect.DelegatingConstructorAccessorImpl.newInstance(Unknown Source)
	at java.lang.reflect.Constructor.newInstance(Unknown Source)
	at org.openqa.selenium.remote.W3CHandshakeResponse.lambda$errorHandler$0(W3CHandshakeResponse.java:62)
	at org.openqa.selenium.remote.HandshakeResponse.lambda$getResponseFunction$0(HandshakeResponse.java:30)
	at org.openqa.selenium.remote.ProtocolHandshake.lambda$createSession$0(ProtocolHandshake.java:126)
	at java.util.stream.ReferencePipeline$3$1.accept(Unknown Source)
	at java.util.Spliterators$ArraySpliterator.tryAdvance(Unknown Source)
	at java.util.stream.ReferencePipeline.forEachWithCancel(Unknown Source)
	at java.util.stream.AbstractPipeline.copyIntoWithCancel(Unknown Source)
	at java.util.stream.AbstractPipeline.copyInto(Unknown Source)
	at java.util.stream.AbstractPipeline.wrapAndCopyInto(Unknown Source)
	at java.util.stream.FindOps$FindOp.evaluateSequential(Unknown Source)
	at java.util.stream.AbstractPipeline.evaluate(Unknown Source)
	at java.util.stream.ReferencePipeline.findFirst(Unknown Source)
	at org.openqa.selenium.remote.ProtocolHandshake.createSession(ProtocolHandshake.java:128)
	at org.openqa.selenium.remote.ProtocolHandshake.createSession(ProtocolHandshake.java:74)
	at org.openqa.selenium.remote.HttpCommandExecutor.execute(HttpCommandExecutor.java:136)
	at org.openqa.selenium.remote.service.DriverCommandExecutor.execute(DriverCommandExecutor.java:83)
	at org.openqa.selenium.remote.RemoteWebDriver.execute(RemoteWebDriver.java:552)
	at org.openqa.selenium.remote.RemoteWebDriver.startSession(RemoteWebDriver.java:213)
	at org.openqa.selenium.remote.RemoteWebDriver.<init>(RemoteWebDriver.java:131)
	at org.openqa.selenium.chrome.ChromeDriver.<init>(ChromeDriver.java:181)
	at org.openqa.selenium.chrome.ChromeDriver.<init>(ChromeDriver.java:168)
	at org.openqa.selenium.chrome.ChromeDriver.<init>(ChromeDriver.java:123)
	at Cucumber.Automation.Base.getdriver(Base.java:22)
	at stepDefinitions.MyStepDefinitions.user_is_on_greencart_landing_page(MyStepDefinitions.java:26)
	at ✽.Given User is on Greencart Landing page(search.feature:11)
]]></failure>
</testcase>
<testcase classname="search and place order for vegtables" name="Search for items and then move to checkout page 2" time="1.755384">
<failure message="org.openqa.selenium.SessionNotCreatedException: session not created: This version of ChromeDriver only supports Chrome version 81&#10;Build info: version: '3.141.59', revision: 'e82be7d358', time: '2018-11-14T08:17:03'&#10;System info: host: 'RAMOJI-LAP', ip: '192.168.0.103', os.name: 'Windows 7', os.arch: 'amd64', os.version: '6.1', java.version: '1.8.0_101'&#10;Driver info: driver.version: ChromeDriver&#10;remote stacktrace: Backtrace:&#10;&#9;Ordinal0 [0x012D5E93+2449043]&#10;&#9;Ordinal0 [0x01208281+1606273]&#10;&#9;Ordinal0 [0x010FF889+522377]&#10;&#9;Ordinal0 [0x010905F3+67059]&#10;&#9;Ordinal0 [0x0108CD92+52626]&#10;&#9;Ordinal0 [0x010AC127+180519]&#10;&#9;Ordinal0 [0x010ABF2D+180013]&#10;&#9;Ordinal0 [0x010A9E5B+171611]&#10;&#9;Ordinal0 [0x01091DD8+73176]&#10;&#9;Ordinal0 [0x01092E50+77392]&#10;&#9;Ordinal0 [0x01092DE9+77289]&#10;&#9;Ordinal0 [0x0121D7F7+1693687]&#10;&#9;GetHandleVerifier [0x01374576+522742]&#10;&#9;GetHandleVerifier [0x013742B4+522036]&#10;&#9;GetHandleVerifier [0x01389587+608775]&#10;&#9;GetHandleVerifier [0x01374DE6+524902]&#10;&#9;Ordinal0 [0x01215BDC+1661916]&#10;&#9;Ordinal0 [0x0121F15B+1700187]&#10;&#9;Ordinal0 [0x0121F2C3+1700547]&#10;&#9;Ordinal0 [0x01235135+1790261]&#10;&#9;BaseThreadInitThunk [0x776C33CA+18]&#10;&#9;RtlInitializeExceptionChain [0x77CE9ED2+99]&#10;&#9;RtlInitializeExceptionChain [0x77CE9EA5+54]&#10;&#13;&#10;&#9;at sun.reflect.NativeConstructorAccessorImpl.newInstance0(Native Method)&#13;&#10;&#9;at sun.reflect.NativeConstructorAccessorImpl.newInstance(Unknown Source)&#13;&#10;&#9;at sun.reflect.DelegatingConstructorAccessorImpl.newInstance(Unknown Source)&#13;&#10;&#9;at java.lang.reflect.Constructor.newInstance(Unknown Source)&#13;&#10;&#9;at org.openqa.selenium.remote.W3CHandshakeResponse.lambda$errorHandler$0(W3CHandshakeResponse.java:62)&#13;&#10;&#9;at org.openqa.selenium.remote.HandshakeResponse.lambda$getResponseFunction$0(HandshakeResponse.java:30)&#13;&#10;&#9;at org.openqa.selenium.remote.ProtocolHandshake.lambda$createSession$0(ProtocolHandshake.java:126)&#13;&#10;&#9;at java.util.stream.ReferencePipeline$3$1.accept(Unknown Source)&#13;&#10;&#9;at java.util.Spliterators$ArraySpliterator.tryAdvance(Unknown Source)&#13;&#10;&#9;at java.util.stream.ReferencePipeline.forEachWithCancel(Unknown Source)&#13;&#10;&#9;at java.util.stream.AbstractPipeline.copyIntoWithCancel(Unknown Source)&#13;&#10;&#9;at java.util.stream.AbstractPipeline.copyInto(Unknown Source)&#13;&#10;&#9;at java.util.stream.AbstractPipeline.wrapAndCopyInto(Unknown Source)&#13;&#10;&#9;at java.util.stream.FindOps$FindOp.evaluateSequential(Unknown Source)&#13;&#10;&#9;at java.util.stream.AbstractPipeline.evaluate(Unknown Source)&#13;&#10;&#9;at java.util.stream.ReferencePipeline.findFirst(Unknown Source)&#13;&#10;&#9;at org.openqa.selenium.remote.ProtocolHandshake.createSession(ProtocolHandshake.java:128)&#13;&#10;&#9;at org.openqa.selenium.remote.ProtocolHandshake.createSession(ProtocolHandshake.java:74)&#13;&#10;&#9;at org.openqa.selenium.remote.HttpCommandExecutor.execute(HttpCommandExecutor.java:136)&#13;&#10;&#9;at org.openqa.selenium.remote.service.DriverCommandExecutor.execute(DriverCommandExecutor.java:83)&#13;&#10;&#9;at org.openqa.selenium.remote.RemoteWebDriver.execute(RemoteWebDriver.java:552)&#13;&#10;&#9;at org.openqa.selenium.remote.RemoteWebDriver.startSession(RemoteWebDriver.java:213)&#13;&#10;&#9;at org.openqa.selenium.remote.RemoteWebDriver.&lt;init&gt;(RemoteWebDriver.java:131)&#13;&#10;&#9;at org.openqa.selenium.chrome.ChromeDriver.&lt;init&gt;(ChromeDriver.java:181)&#13;&#10;&#9;at org.openqa.selenium.chrome.ChromeDriver.&lt;init&gt;(ChromeDriver.java:168)&#13;&#10;&#9;at org.openqa.selenium.chrome.ChromeDriver.&lt;init&gt;(ChromeDriver.java:123)&#13;&#10;&#9;at Cucumber.Automation.Base.getdriver(Base.java:22)&#13;&#10;&#9;at stepDefinitions.MyStepDefinitions.user_is_on_greencart_landing_page(MyStepDefinitions.java:26)&#13;&#10;&#9;at ✽.Given User is on Greencart Landing page(search.feature:11)&#13;&#10;"><![CDATA[Given User is on Greencart Landing page.....................................failed
When User searched for Beetroot vegtable....................................undefined
And Added items to cart.....................................................skipped
And User proceeded to Checkout page for purchase............................skipped
Then verify selected Beetroot items are displayed in check out page.........undefined

StackTrace:
org.openqa.selenium.SessionNotCreatedException: session not created: This version of ChromeDriver only supports Chrome version 81
Build info: version: '3.141.59', revision: 'e82be7d358', time: '2018-11-14T08:17:03'
System info: host: 'RAMOJI-LAP', ip: '192.168.0.103', os.name: 'Windows 7', os.arch: 'amd64', os.version: '6.1', java.version: '1.8.0_101'
Driver info: driver.version: ChromeDriver
remote stacktrace: Backtrace:
	Ordinal0 [0x012D5E93+2449043]
	Ordinal0 [0x01208281+1606273]
	Ordinal0 [0x010FF889+522377]
	Ordinal0 [0x010905F3+67059]
	Ordinal0 [0x0108CD92+52626]
	Ordinal0 [0x010AC127+180519]
	Ordinal0 [0x010ABF2D+180013]
	Ordinal0 [0x010A9E5B+171611]
	Ordinal0 [0x01091DD8+73176]
	Ordinal0 [0x01092E50+77392]
	Ordinal0 [0x01092DE9+77289]
	Ordinal0 [0x0121D7F7+1693687]
	GetHandleVerifier [0x01374576+522742]
	GetHandleVerifier [0x013742B4+522036]
	GetHandleVerifier [0x01389587+608775]
	GetHandleVerifier [0x01374DE6+524902]
	Ordinal0 [0x01215BDC+1661916]
	Ordinal0 [0x0121F15B+1700187]
	Ordinal0 [0x0121F2C3+1700547]
	Ordinal0 [0x01235135+1790261]
	BaseThreadInitThunk [0x776C33CA+18]
	RtlInitializeExceptionChain [0x77CE9ED2+99]
	RtlInitializeExceptionChain [0x77CE9EA5+54]

	at sun.reflect.NativeConstructorAccessorImpl.newInstance0(Native Method)
	at sun.reflect.NativeConstructorAccessorImpl.newInstance(Unknown Source)
	at sun.reflect.DelegatingConstructorAccessorImpl.newInstance(Unknown Source)
	at java.lang.reflect.Constructor.newInstance(Unknown Source)
	at org.openqa.selenium.remote.W3CHandshakeResponse.lambda$errorHandler$0(W3CHandshakeResponse.java:62)
	at org.openqa.selenium.remote.HandshakeResponse.lambda$getResponseFunction$0(HandshakeResponse.java:30)
	at org.openqa.selenium.remote.ProtocolHandshake.lambda$createSession$0(ProtocolHandshake.java:126)
	at java.util.stream.ReferencePipeline$3$1.accept(Unknown Source)
	at java.util.Spliterators$ArraySpliterator.tryAdvance(Unknown Source)
	at java.util.stream.ReferencePipeline.forEachWithCancel(Unknown Source)
	at java.util.stream.AbstractPipeline.copyIntoWithCancel(Unknown Source)
	at java.util.stream.AbstractPipeline.copyInto(Unknown Source)
	at java.util.stream.AbstractPipeline.wrapAndCopyInto(Unknown Source)
	at java.util.stream.FindOps$FindOp.evaluateSequential(Unknown Source)
	at java.util.stream.AbstractPipeline.evaluate(Unknown Source)
	at java.util.stream.ReferencePipeline.findFirst(Unknown Source)
	at org.openqa.selenium.remote.ProtocolHandshake.createSession(ProtocolHandshake.java:128)
	at org.openqa.selenium.remote.ProtocolHandshake.createSession(ProtocolHandshake.java:74)
	at org.openqa.selenium.remote.HttpCommandExecutor.execute(HttpCommandExecutor.java:136)
	at org.openqa.selenium.remote.service.DriverCommandExecutor.execute(DriverCommandExecutor.java:83)
	at org.openqa.selenium.remote.RemoteWebDriver.execute(RemoteWebDriver.java:552)
	at org.openqa.selenium.remote.RemoteWebDriver.startSession(RemoteWebDriver.java:213)
	at org.openqa.selenium.remote.RemoteWebDriver.<init>(RemoteWebDriver.java:131)
	at org.openqa.selenium.chrome.ChromeDriver.<init>(ChromeDriver.java:181)
	at org.openqa.selenium.chrome.ChromeDriver.<init>(ChromeDriver.java:168)
	at org.openqa.selenium.chrome.ChromeDriver.<init>(ChromeDriver.java:123)
	at Cucumber.Automation.Base.getdriver(Base.java:22)
	at stepDefinitions.MyStepDefinitions.user_is_on_greencart_landing_page(MyStepDefinitions.java:26)
	at ✽.Given User is on Greencart Landing page(search.feature:11)
]]></failure>
</testcase>
</testsuite>
